{"level":"info","message":"Roles List requested:","timestamp":"2023-12-04 12:50:45 PM +0530"}
{"level":"info","message":"Roles List requested: johndoe34@gmail.com","timestamp":"2023-12-04 12:51:23 PM +0530"}
{"level":"info","message":"Roles List requested by : johndoe34@gmail.com","timestamp":"2023-12-04 12:51:41 PM +0530"}
{"level":"info","message":"Roles List requested by : johndoe34@gmail.com","timestamp":"2023-12-04 12:54:32 PM +0530"}
{"level":"info","message":"Roles List requested by :","timestamp":"2023-12-04 04:17:47 PM +0530"}
{"level":"info","message":"Roles List requested by :","timestamp":"2023-12-04 04:19:43 PM +0530"}
{"level":"info","message":"Roles List requested by :","timestamp":"2023-12-04 04:20:34 PM +0530"}
{"level":"info","message":"Roles List requested by :","timestamp":"2023-12-04 04:22:13 PM +0530"}
{"level":"info","message":"Roles List requested by :","timestamp":"2023-12-04 04:29:10 PM +0530"}
{"level":"info","message":"Roles List requested by :","timestamp":"2023-12-04 04:29:13 PM +0530"}
{"level":"info","message":"Roles List requested by :","timestamp":"2023-12-04 04:29:14 PM +0530"}
{"level":"info","message":"Roles List requested by :","timestamp":"2023-12-04 04:29:17 PM +0530"}
{"level":"info","message":"Roles List requested by :","timestamp":"2023-12-04 04:36:28 PM +0530"}
{"level":"info","message":"Roles List requested by :","timestamp":"2023-12-04 04:43:58 PM +0530"}
{"level":"info","message":"Roles List requested by :","timestamp":"2023-12-04 04:44:12 PM +0530"}
{"level":"info","message":"Roles List requested by :","timestamp":"2023-12-04 04:53:49 PM +0530"}
{"level":"info","message":"Roles List requested by :","timestamp":"2023-12-04 04:54:05 PM +0530"}
{"level":"info","message":"Roles List requested by :","timestamp":"2023-12-04 04:54:52 PM +0530"}
{"level":"info","message":"Roles List requested by :","timestamp":"2023-12-05 10:46:38 AM +0530"}
{"level":"info","message":"Roles List requested by :","timestamp":"2023-12-05 10:49:00 AM +0530"}
{"level":"info","message":"Roles List requested by :","timestamp":"2023-12-05 10:49:08 AM +0530"}
{"level":"info","message":"Roles List requested by :","timestamp":"2023-12-05 10:49:09 AM +0530"}
{"level":"info","message":"Roles List requested by :","timestamp":"2023-12-05 10:49:13 AM +0530"}
{"level":"info","message":"Roles List requested by :","timestamp":"2023-12-05 10:49:17 AM +0530"}
{"level":"info","message":"Roles List requested by :","timestamp":"2023-12-05 10:49:18 AM +0530"}
{"level":"info","message":"Roles List requested by :","timestamp":"2023-12-05 10:49:22 AM +0530"}
{"level":"info","message":"Roles List requested by :","timestamp":"2023-12-05 10:49:39 AM +0530"}
{"level":"info","message":"Roles List requested by :","timestamp":"2023-12-05 10:49:41 AM +0530"}
{"level":"info","message":"Roles List requested by :","timestamp":"2023-12-05 10:50:05 AM +0530"}
{"level":"info","message":"Roles List requested by :","timestamp":"2023-12-05 10:50:35 AM +0530"}
{"level":"info","message":"Roles List requested by :","timestamp":"2023-12-05 10:50:40 AM +0530"}
{"level":"info","message":"Roles List requested by :","timestamp":"2023-12-05 10:50:41 AM +0530"}
{"level":"info","message":"Roles List requested by :","timestamp":"2023-12-05 10:50:43 AM +0530"}
{"level":"info","message":"Roles List requested by :","timestamp":"2023-12-05 10:50:45 AM +0530"}
{"level":"info","message":"Roles List requested by :","timestamp":"2023-12-05 10:55:14 AM +0530"}
{"level":"info","message":"Roles List requested by :","timestamp":"2023-12-05 10:55:22 AM +0530"}
{"level":"info","message":"Roles List requested by :","timestamp":"2023-12-05 10:55:40 AM +0530"}
{"level":"info","message":"Roles List requested by :","timestamp":"2023-12-05 10:55:46 AM +0530"}
{"level":"info","message":"Roles List requested by :","timestamp":"2023-12-05 10:55:59 AM +0530"}
{"level":"info","message":"Roles List requested by :","timestamp":"2023-12-05 11:05:35 AM +0530"}
{"level":"info","message":"Roles List requested by :","timestamp":"2023-12-05 11:12:13 AM +0530"}
{"level":"info","message":"Roles List requested by :","timestamp":"2023-12-05 11:12:27 AM +0530"}
{"level":"info","message":"Roles List requested by :","timestamp":"2023-12-05 11:12:41 AM +0530"}
{"level":"info","message":"Roles List requested by :","timestamp":"2023-12-05 11:12:57 AM +0530"}
{"level":"info","message":"Roles List requested by :","timestamp":"2023-12-05 11:13:32 AM +0530"}
{"level":"info","message":"Roles List requested by :","timestamp":"2023-12-05 11:13:50 AM +0530"}
{"level":"info","message":"Roles List requested by :","timestamp":"2023-12-05 11:14:28 AM +0530"}
{"level":"info","message":"Roles List requested by :","timestamp":"2023-12-05 11:14:36 AM +0530"}
{"level":"info","message":"Roles List requested by :","timestamp":"2023-12-05 11:14:37 AM +0530"}
{"level":"info","message":"Roles List requested by :","timestamp":"2023-12-05 11:14:39 AM +0530"}
{"level":"info","message":"Roles List requested by :","timestamp":"2023-12-05 11:14:44 AM +0530"}
{"level":"info","message":"Roles List requested by :","timestamp":"2023-12-05 11:14:50 AM +0530"}
{"level":"info","message":"Roles List requested by :","timestamp":"2023-12-05 11:14:57 AM +0530"}
{"level":"info","message":"Roles List requested by :","timestamp":"2023-12-05 11:15:05 AM +0530"}
{"level":"info","message":"Roles List requested by :","timestamp":"2023-12-05 11:15:09 AM +0530"}
{"level":"info","message":"Roles List requested by :","timestamp":"2023-12-05 11:15:11 AM +0530"}
{"level":"info","message":"Roles List requested by :","timestamp":"2023-12-05 11:15:29 AM +0530"}
{"level":"info","message":"Roles List requested by :","timestamp":"2023-12-05 11:15:33 AM +0530"}
{"level":"info","message":"Roles List requested by :","timestamp":"2023-12-05 11:15:51 AM +0530"}
{"level":"info","message":"Roles List requested by :","timestamp":"2023-12-05 11:16:21 AM +0530"}
{"level":"info","message":"Roles List requested by :","timestamp":"2023-12-05 11:16:38 AM +0530"}
{"level":"info","message":"Roles List requested by :","timestamp":"2023-12-05 11:16:39 AM +0530"}
{"level":"info","message":"Roles List requested by :","timestamp":"2023-12-05 11:16:47 AM +0530"}
{"level":"info","message":"Roles List requested by :","timestamp":"2023-12-05 11:16:52 AM +0530"}
{"level":"info","message":"Roles List requested by :","timestamp":"2023-12-05 11:16:54 AM +0530"}
{"level":"info","message":"Roles List requested by :","timestamp":"2023-12-05 11:17:35 AM +0530"}
{"level":"info","message":"Roles List requested by :","timestamp":"2023-12-05 11:18:02 AM +0530"}
{"level":"info","message":"Roles List requested by :","timestamp":"2023-12-05 11:18:16 AM +0530"}
{"level":"info","message":"Roles List requested by :","timestamp":"2023-12-05 11:18:29 AM +0530"}
{"level":"info","message":"Roles List requested by :","timestamp":"2023-12-05 11:18:37 AM +0530"}
{"level":"info","message":"Roles List requested by :","timestamp":"2023-12-05 11:18:38 AM +0530"}
{"level":"info","message":"Roles List requested by :","timestamp":"2023-12-05 11:18:47 AM +0530"}
{"level":"info","message":"Roles List requested by :","timestamp":"2023-12-05 11:18:48 AM +0530"}
{"level":"info","message":"Roles List requested by :","timestamp":"2023-12-05 11:18:57 AM +0530"}
{"level":"info","message":"Roles List requested by :","timestamp":"2023-12-05 11:19:10 AM +0530"}
{"level":"info","message":"Roles List requested by :","timestamp":"2023-12-05 11:19:24 AM +0530"}
{"level":"info","message":"Roles List requested by :","timestamp":"2023-12-05 11:19:27 AM +0530"}
{"level":"info","message":"Roles List requested by :","timestamp":"2023-12-05 11:21:06 AM +0530"}
{"level":"info","message":"Roles List requested by :","timestamp":"2023-12-05 11:21:33 AM +0530"}
{"level":"info","message":"Roles List requested by :","timestamp":"2023-12-05 11:29:20 AM +0530"}
{"level":"info","message":"Roles List requested by :","timestamp":"2023-12-05 11:35:29 AM +0530"}
{"level":"info","message":"Roles List requested by :","timestamp":"2023-12-05 11:36:57 AM +0530"}
{"level":"info","message":"Roles List requested by :","timestamp":"2023-12-05 11:37:17 AM +0530"}
{"level":"info","message":"Roles List requested by :","timestamp":"2023-12-05 11:37:32 AM +0530"}
{"level":"info","message":"Roles List requested by :","timestamp":"2023-12-05 11:37:57 AM +0530"}
{"level":"info","message":"Roles List requested by :","timestamp":"2023-12-05 11:38:21 AM +0530"}
{"level":"info","message":"Roles List requested by :","timestamp":"2023-12-05 11:38:40 AM +0530"}
{"level":"info","message":"Roles List requested by :","timestamp":"2023-12-05 11:38:45 AM +0530"}
{"level":"info","message":"Roles List requested by :","timestamp":"2023-12-05 11:38:45 AM +0530"}
{"level":"info","message":"Roles List requested by :","timestamp":"2023-12-05 11:38:52 AM +0530"}
{"level":"info","message":"Roles List requested by :","timestamp":"2023-12-05 11:38:54 AM +0530"}
{"level":"info","message":"Roles List requested by :","timestamp":"2023-12-05 11:39:00 AM +0530"}
{"level":"info","message":"Roles List requested by :","timestamp":"2023-12-05 11:39:45 AM +0530"}
{"level":"info","message":"Roles List requested by :","timestamp":"2023-12-05 11:40:07 AM +0530"}
{"level":"info","message":"Roles List requested by :","timestamp":"2023-12-05 11:40:28 AM +0530"}
{"level":"info","message":"Roles List requested by :","timestamp":"2023-12-05 11:40:56 AM +0530"}
{"level":"info","message":"Roles List requested by :","timestamp":"2023-12-05 11:41:09 AM +0530"}
{"level":"info","message":"Roles List requested by :","timestamp":"2023-12-05 11:41:13 AM +0530"}
{"level":"info","message":"Roles List requested by :","timestamp":"2023-12-05 11:43:08 AM +0530"}
{"level":"info","message":"Roles List requested by :","timestamp":"2023-12-05 11:43:18 AM +0530"}
{"level":"info","message":"Roles List requested by :","timestamp":"2023-12-05 11:43:23 AM +0530"}
{"level":"info","message":"Roles List requested by :","timestamp":"2023-12-05 11:43:55 AM +0530"}
{"level":"info","message":"Roles List requested by :","timestamp":"2023-12-05 11:45:08 AM +0530"}
{"level":"info","message":"Roles List requested by :","timestamp":"2023-12-05 11:45:10 AM +0530"}
{"level":"info","message":"Roles List requested by :","timestamp":"2023-12-05 11:45:41 AM +0530"}
{"level":"info","message":"Roles List requested by :","timestamp":"2023-12-05 11:52:43 AM +0530"}
{"level":"info","message":"Roles List requested by :","timestamp":"2023-12-05 11:52:58 AM +0530"}
{"level":"info","message":"Roles List requested by :","timestamp":"2023-12-05 11:53:00 AM +0530"}
{"level":"info","message":"Roles List requested by :","timestamp":"2023-12-05 11:53:02 AM +0530"}
{"level":"info","message":"Roles List requested by :","timestamp":"2023-12-05 11:53:05 AM +0530"}
{"level":"info","message":"Roles List requested by :","timestamp":"2023-12-05 11:55:02 AM +0530"}
{"level":"info","message":"Roles List requested by :","timestamp":"2023-12-05 11:55:18 AM +0530"}
{"level":"info","message":"Roles List requested by :","timestamp":"2023-12-05 12:03:49 PM +0530"}
{"level":"info","message":"Roles List requested by :","timestamp":"2023-12-05 12:04:14 PM +0530"}
{"level":"info","message":"Roles List requested by :","timestamp":"2023-12-05 12:04:18 PM +0530"}
{"level":"info","message":"Roles List requested by :","timestamp":"2023-12-05 12:04:23 PM +0530"}
{"level":"info","message":"Roles List requested by :","timestamp":"2023-12-05 12:04:33 PM +0530"}
{"level":"info","message":"Roles List requested by :","timestamp":"2023-12-05 12:04:53 PM +0530"}
{"level":"info","message":"Roles List requested by :","timestamp":"2023-12-05 12:06:57 PM +0530"}
{"level":"info","message":"Roles List requested by :","timestamp":"2023-12-05 12:07:02 PM +0530"}
{"level":"info","message":"Roles List requested by :","timestamp":"2023-12-05 12:07:19 PM +0530"}
{"level":"info","message":"Roles List requested by :","timestamp":"2023-12-05 12:11:12 PM +0530"}
{"level":"info","message":"Roles List requested by :","timestamp":"2023-12-05 12:11:40 PM +0530"}
{"level":"info","message":"Roles List requested by :","timestamp":"2023-12-05 12:12:17 PM +0530"}
{"level":"info","message":"Roles List requested by :","timestamp":"2023-12-05 12:17:00 PM +0530"}
{"level":"info","message":"Roles List requested by :","timestamp":"2023-12-05 12:18:02 PM +0530"}
{"level":"info","message":"Roles List requested by :","timestamp":"2023-12-05 12:18:04 PM +0530"}
{"level":"info","message":"Roles List requested by :","timestamp":"2023-12-05 12:18:24 PM +0530"}
{"level":"info","message":"Roles List requested by :","timestamp":"2023-12-05 12:18:46 PM +0530"}
{"level":"info","message":"Roles List requested by :","timestamp":"2023-12-05 12:19:04 PM +0530"}
{"level":"info","message":"Roles List requested by :","timestamp":"2023-12-05 12:23:42 PM +0530"}
{"level":"info","message":"Roles List requested by :","timestamp":"2023-12-05 12:23:57 PM +0530"}
{"level":"info","message":"Roles List requested by :","timestamp":"2023-12-05 12:24:04 PM +0530"}
{"level":"info","message":"Roles List requested by :","timestamp":"2023-12-05 12:24:20 PM +0530"}
{"level":"info","message":"Roles List requested by :","timestamp":"2023-12-05 12:24:34 PM +0530"}
{"level":"info","message":"Roles List requested by :","timestamp":"2023-12-05 12:24:35 PM +0530"}
{"level":"info","message":"Roles List requested by :","timestamp":"2023-12-05 12:30:46 PM +0530"}
{"level":"info","message":"Roles List requested by :","timestamp":"2023-12-05 12:31:12 PM +0530"}
{"level":"info","message":"Roles List requested by :","timestamp":"2023-12-05 12:31:47 PM +0530"}
{"level":"info","message":"Roles List requested by :","timestamp":"2023-12-05 12:32:24 PM +0530"}
{"level":"info","message":"Roles List requested by :","timestamp":"2023-12-05 12:32:50 PM +0530"}
{"level":"info","message":"Roles List requested by :","timestamp":"2023-12-05 12:35:30 PM +0530"}
{"level":"info","message":"Roles List requested by :","timestamp":"2023-12-05 12:36:48 PM +0530"}
{"level":"info","message":"Roles List requested by :","timestamp":"2023-12-05 12:37:56 PM +0530"}
{"level":"info","message":"Roles List requested by :","timestamp":"2023-12-05 12:38:08 PM +0530"}
{"level":"info","message":"Roles List requested by :","timestamp":"2023-12-05 12:38:26 PM +0530"}
{"level":"info","message":"Roles List requested by :","timestamp":"2023-12-05 12:38:32 PM +0530"}
{"level":"info","message":"Roles List requested by :","timestamp":"2023-12-05 12:41:46 PM +0530"}
{"level":"info","message":"Roles List requested by :","timestamp":"2023-12-05 12:45:25 PM +0530"}
{"level":"info","message":"Roles List requested by :","timestamp":"2023-12-05 12:45:47 PM +0530"}
{"level":"info","message":"Roles List requested by :","timestamp":"2023-12-05 12:46:11 PM +0530"}
{"level":"info","message":"Roles List requested by :","timestamp":"2023-12-05 12:46:50 PM +0530"}
{"level":"info","message":"Roles List requested by :","timestamp":"2023-12-05 12:47:03 PM +0530"}
{"level":"info","message":"Roles List requested by :","timestamp":"2023-12-05 12:47:46 PM +0530"}
{"level":"info","message":"Roles List requested by :","timestamp":"2023-12-05 12:47:50 PM +0530"}
{"level":"info","message":"Roles List requested by :","timestamp":"2023-12-05 12:48:56 PM +0530"}
{"level":"info","message":"Roles List requested by :","timestamp":"2023-12-05 01:00:59 PM +0530"}
{"level":"info","message":"Roles List requested by :","timestamp":"2023-12-05 01:15:56 PM +0530"}
{"level":"info","message":"Roles List requested by :","timestamp":"2023-12-05 01:18:26 PM +0530"}
{"level":"info","message":"Roles List requested by :","timestamp":"2023-12-05 01:29:38 PM +0530"}
{"level":"info","message":"Roles List requested by :","timestamp":"2023-12-05 01:29:44 PM +0530"}
{"level":"info","message":"Roles List requested by :","timestamp":"2023-12-05 01:29:54 PM +0530"}
{"level":"info","message":"Roles List requested by :","timestamp":"2023-12-05 01:29:56 PM +0530"}
{"level":"info","message":"Roles List requested by :","timestamp":"2023-12-05 01:29:59 PM +0530"}
{"level":"info","message":"Roles List requested by :","timestamp":"2023-12-05 01:31:38 PM +0530"}
{"level":"info","message":"Roles List requested by :","timestamp":"2023-12-05 01:31:46 PM +0530"}
{"level":"info","message":"Roles List requested by :","timestamp":"2023-12-05 01:31:51 PM +0530"}
{"level":"info","message":"Roles List requested by :","timestamp":"2023-12-05 01:58:07 PM +0530"}
{"level":"info","message":"Roles List requested by :","timestamp":"2023-12-05 04:57:51 PM +0530"}
{"level":"info","message":"Roles List requested by :","timestamp":"2023-12-05 04:58:04 PM +0530"}
{"level":"info","message":"Roles List requested by :","timestamp":"2023-12-05 04:58:31 PM +0530"}
{"level":"info","message":"Roles List requested by :","timestamp":"2023-12-05 04:58:35 PM +0530"}
{"level":"info","message":"Roles List requested by :","timestamp":"2023-12-05 05:00:48 PM +0530"}
{"level":"info","message":"Roles List requested by :","timestamp":"2023-12-05 05:00:51 PM +0530"}
{"level":"info","message":"Roles List requested by :","timestamp":"2023-12-05 05:00:53 PM +0530"}
{"level":"info","message":"Roles List requested by :","timestamp":"2023-12-05 05:05:13 PM +0530"}
{"level":"info","message":"Roles List requested by :","timestamp":"2023-12-05 05:05:15 PM +0530"}
{"level":"info","message":"Roles List requested by :","timestamp":"2023-12-05 05:05:20 PM +0530"}
{"level":"info","message":"Roles List requested by :","timestamp":"2023-12-05 05:20:48 PM +0530"}
{"level":"info","message":"Roles List requested by :","timestamp":"2023-12-05 06:00:08 PM +0530"}
{"level":"info","message":"Roles List requested by :","timestamp":"2023-12-05 06:00:13 PM +0530"}
{"level":"info","message":"Roles List requested by :","timestamp":"2023-12-05 06:00:16 PM +0530"}
{"level":"info","message":"Roles List requested by :","timestamp":"2023-12-05 06:00:18 PM +0530"}
{"level":"info","message":"Roles List requested by :","timestamp":"2023-12-06 09:54:52 AM +0530"}
